The system is: Linux - 4.8.0-53-generic - x86_64
Compiling the C compiler identification source file "CMakeCCompilerId.c" succeeded.
Compiler: /usr/bin/cc 
Build flags: 
Id flags: 

The output was:
0


Compilation of the C compiler identification source "CMakeCCompilerId.c" produced "a.out"

The C compiler identification is GNU, found in "/home/lpang/Documents/GitHub/LaserTurret/build/CMakeFiles/3.5.1/CompilerIdC/a.out"

Compiling the CXX compiler identification source file "CMakeCXXCompilerId.cpp" succeeded.
Compiler: /usr/bin/c++ 
Build flags: 
Id flags: 

The output was:
0


Compilation of the CXX compiler identification source "CMakeCXXCompilerId.cpp" produced "a.out"

The CXX compiler identification is GNU, found in "/home/lpang/Documents/GitHub/LaserTurret/build/CMakeFiles/3.5.1/CompilerIdCXX/a.out"

Determining if the C compiler works passed with the following output:
Change Dir: /home/lpang/Documents/GitHub/LaserTurret/build/CMakeFiles/CMakeTmp

Run Build Command:"/usr/bin/make" "cmTC_2a33e/fast"
/usr/bin/make -f CMakeFiles/cmTC_2a33e.dir/build.make CMakeFiles/cmTC_2a33e.dir/build
make[1]: Entering directory '/home/lpang/Documents/GitHub/LaserTurret/build/CMakeFiles/CMakeTmp'
Building C object CMakeFiles/cmTC_2a33e.dir/testCCompiler.c.o
/usr/bin/cc     -o CMakeFiles/cmTC_2a33e.dir/testCCompiler.c.o   -c /home/lpang/Documents/GitHub/LaserTurret/build/CMakeFiles/CMakeTmp/testCCompiler.c
Linking C executable cmTC_2a33e
/usr/bin/cmake -E cmake_link_script CMakeFiles/cmTC_2a33e.dir/link.txt --verbose=1
/usr/bin/cc       CMakeFiles/cmTC_2a33e.dir/testCCompiler.c.o  -o cmTC_2a33e -rdynamic 
make[1]: Leaving directory '/home/lpang/Documents/GitHub/LaserTurret/build/CMakeFiles/CMakeTmp'


Detecting C compiler ABI info compiled with the following output:
Change Dir: /home/lpang/Documents/GitHub/LaserTurret/build/CMakeFiles/CMakeTmp

Run Build Command:"/usr/bin/make" "cmTC_40ed3/fast"
/usr/bin/make -f CMakeFiles/cmTC_40ed3.dir/build.make CMakeFiles/cmTC_40ed3.dir/build
make[1]: Entering directory '/home/lpang/Documents/GitHub/LaserTurret/build/CMakeFiles/CMakeTmp'
Building C object CMakeFiles/cmTC_40ed3.dir/CMakeCCompilerABI.c.o
/usr/bin/cc     -o CMakeFiles/cmTC_40ed3.dir/CMakeCCompilerABI.c.o   -c /usr/share/cmake-3.5/Modules/CMakeCCompilerABI.c
Linking C executable cmTC_40ed3
/usr/bin/cmake -E cmake_link_script CMakeFiles/cmTC_40ed3.dir/link.txt --verbose=1
/usr/bin/cc      -v CMakeFiles/cmTC_40ed3.dir/CMakeCCompilerABI.c.o  -o cmTC_40ed3 -rdynamic  
Using built-in specs.
COLLECT_GCC=/usr/bin/cc
COLLECT_LTO_WRAPPER=/usr/lib/gcc/x86_64-linux-gnu/5/lto-wrapper
Target: x86_64-linux-gnu
Configured with: ../src/configure -v --with-pkgversion='Ubuntu 5.4.0-6ubuntu1~16.04.5' --with-bugurl=file:///usr/share/doc/gcc-5/README.Bugs --enable-languages=c,ada,c++,java,go,d,fortran,objc,obj-c++ --prefix=/usr --program-suffix=-5 --enable-shared --enable-linker-build-id --libexecdir=/usr/lib --without-included-gettext --enable-threads=posix --libdir=/usr/lib --enable-nls --with-sysroot=/ --enable-clocale=gnu --enable-libstdcxx-debug --enable-libstdcxx-time=yes --with-default-libstdcxx-abi=new --enable-gnu-unique-object --disable-vtable-verify --enable-libmpx --enable-plugin --with-system-zlib --disable-browser-plugin --enable-java-awt=gtk --enable-gtk-cairo --with-java-home=/usr/lib/jvm/java-1.5.0-gcj-5-amd64/jre --enable-java-home --with-jvm-root-dir=/usr/lib/jvm/java-1.5.0-gcj-5-amd64 --with-jvm-jar-dir=/usr/lib/jvm-exports/java-1.5.0-gcj-5-amd64 --with-arch-directory=amd64 --with-ecj-jar=/usr/share/java/eclipse-ecj.jar --enable-objc-gc --enable-multiarch --disable-werror --with-arch-32=i686 --with-abi=m64 --with-multilib-list=m32,m64,mx32 --enable-multilib --with-tune=generic --enable-checking=release --build=x86_64-linux-gnu --host=x86_64-linux-gnu --target=x86_64-linux-gnu
Thread model: posix
gcc version 5.4.0 20160609 (Ubuntu 5.4.0-6ubuntu1~16.04.5) 
COMPILER_PATH=/usr/lib/gcc/x86_64-linux-gnu/5/:/usr/lib/gcc/x86_64-linux-gnu/5/:/usr/lib/gcc/x86_64-linux-gnu/:/usr/lib/gcc/x86_64-linux-gnu/5/:/usr/lib/gcc/x86_64-linux-gnu/
LIBRARY_PATH=/usr/lib/gcc/x86_64-linux-gnu/5/:/usr/lib/gcc/x86_64-linux-gnu/5/../../../x86_64-linux-gnu/:/usr/lib/gcc/x86_64-linux-gnu/5/../../../../lib/:/lib/x86_64-linux-gnu/:/lib/../lib/:/usr/lib/x86_64-linux-gnu/:/usr/lib/../lib/:/usr/lib/gcc/x86_64-linux-gnu/5/../../../:/lib/:/usr/lib/
COLLECT_GCC_OPTIONS='-v' '-o' 'cmTC_40ed3' '-rdynamic' '-mtune=generic' '-march=x86-64'
 /usr/lib/gcc/x86_64-linux-gnu/5/collect2 -plugin /usr/lib/gcc/x86_64-linux-gnu/5/liblto_plugin.so -plugin-opt=/usr/lib/gcc/x86_64-linux-gnu/5/lto-wrapper -plugin-opt=-fresolution=/tmp/ccjA9kxn.res -plugin-opt=-pass-through=-lgcc -plugin-opt=-pass-through=-lgcc_s -plugin-opt=-pass-through=-lc -plugin-opt=-pass-through=-lgcc -plugin-opt=-pass-through=-lgcc_s --sysroot=/ --build-id --eh-frame-hdr -m elf_x86_64 --hash-style=gnu --as-needed -export-dynamic -dynamic-linker /lib64/ld-linux-x86-64.so.2 -z relro -o cmTC_40ed3 /usr/lib/gcc/x86_64-linux-gnu/5/../../../x86_64-linux-gnu/crt1.o /usr/lib/gcc/x86_64-linux-gnu/5/../../../x86_64-linux-gnu/crti.o /usr/lib/gcc/x86_64-linux-gnu/5/crtbegin.o -L/usr/lib/gcc/x86_64-linux-gnu/5 -L/usr/lib/gcc/x86_64-linux-gnu/5/../../../x86_64-linux-gnu -L/usr/lib/gcc/x86_64-linux-gnu/5/../../../../lib -L/lib/x86_64-linux-gnu -L/lib/../lib -L/usr/lib/x86_64-linux-gnu -L/usr/lib/../lib -L/usr/lib/gcc/x86_64-linux-gnu/5/../../.. CMakeFiles/cmTC_40ed3.dir/CMakeCCompilerABI.c.o -lgcc --as-needed -lgcc_s --no-as-needed -lc -lgcc --as-needed -lgcc_s --no-as-needed /usr/lib/gcc/x86_64-linux-gnu/5/crtend.o /usr/lib/gcc/x86_64-linux-gnu/5/../../../x86_64-linux-gnu/crtn.o
make[1]: Leaving directory '/home/lpang/Documents/GitHub/LaserTurret/build/CMakeFiles/CMakeTmp'


Parsed C implicit link information from above output:
  link line regex: [^( *|.*[/\])(ld|([^/\]+-)?ld|collect2)[^/\]*( |$)]
  ignore line: [Change Dir: /home/lpang/Documents/GitHub/LaserTurret/build/CMakeFiles/CMakeTmp]
  ignore line: []
  ignore line: [Run Build Command:"/usr/bin/make" "cmTC_40ed3/fast"]
  ignore line: [/usr/bin/make -f CMakeFiles/cmTC_40ed3.dir/build.make CMakeFiles/cmTC_40ed3.dir/build]
  ignore line: [make[1]: Entering directory '/home/lpang/Documents/GitHub/LaserTurret/build/CMakeFiles/CMakeTmp']
  ignore line: [Building C object CMakeFiles/cmTC_40ed3.dir/CMakeCCompilerABI.c.o]
  ignore line: [/usr/bin/cc     -o CMakeFiles/cmTC_40ed3.dir/CMakeCCompilerABI.c.o   -c /usr/share/cmake-3.5/Modules/CMakeCCompilerABI.c]
  ignore line: [Linking C executable cmTC_40ed3]
  ignore line: [/usr/bin/cmake -E cmake_link_script CMakeFiles/cmTC_40ed3.dir/link.txt --verbose=1]
  ignore line: [/usr/bin/cc      -v CMakeFiles/cmTC_40ed3.dir/CMakeCCompilerABI.c.o  -o cmTC_40ed3 -rdynamic  ]
  ignore line: [Using built-in specs.]
  ignore line: [COLLECT_GCC=/usr/bin/cc]
  ignore line: [COLLECT_LTO_WRAPPER=/usr/lib/gcc/x86_64-linux-gnu/5/lto-wrapper]
  ignore line: [Target: x86_64-linux-gnu]
  ignore line: [Configured with: ../src/configure -v --with-pkgversion='Ubuntu 5.4.0-6ubuntu1~16.04.5' --with-bugurl=file:///usr/share/doc/gcc-5/README.Bugs --enable-languages=c,ada,c++,java,go,d,fortran,objc,obj-c++ --prefix=/usr --program-suffix=-5 --enable-shared --enable-linker-build-id --libexecdir=/usr/lib --without-included-gettext --enable-threads=posix --libdir=/usr/lib --enable-nls --with-sysroot=/ --enable-clocale=gnu --enable-libstdcxx-debug --enable-libstdcxx-time=yes --with-default-libstdcxx-abi=new --enable-gnu-unique-object --disable-vtable-verify --enable-libmpx --enable-plugin --with-system-zlib --disable-browser-plugin --enable-java-awt=gtk --enable-gtk-cairo --with-java-home=/usr/lib/jvm/java-1.5.0-gcj-5-amd64/jre --enable-java-home --with-jvm-root-dir=/usr/lib/jvm/java-1.5.0-gcj-5-amd64 --with-jvm-jar-dir=/usr/lib/jvm-exports/java-1.5.0-gcj-5-amd64 --with-arch-directory=amd64 --with-ecj-jar=/usr/share/java/eclipse-ecj.jar --enable-objc-gc --enable-multiarch --disable-werror --with-arch-32=i686 --with-abi=m64 --with-multilib-list=m32,m64,mx32 --enable-multilib --with-tune=generic --enable-checking=release --build=x86_64-linux-gnu --host=x86_64-linux-gnu --target=x86_64-linux-gnu]
  ignore line: [Thread model: posix]
  ignore line: [gcc version 5.4.0 20160609 (Ubuntu 5.4.0-6ubuntu1~16.04.5) ]
  ignore line: [COMPILER_PATH=/usr/lib/gcc/x86_64-linux-gnu/5/:/usr/lib/gcc/x86_64-linux-gnu/5/:/usr/lib/gcc/x86_64-linux-gnu/:/usr/lib/gcc/x86_64-linux-gnu/5/:/usr/lib/gcc/x86_64-linux-gnu/]
  ignore line: [LIBRARY_PATH=/usr/lib/gcc/x86_64-linux-gnu/5/:/usr/lib/gcc/x86_64-linux-gnu/5/../../../x86_64-linux-gnu/:/usr/lib/gcc/x86_64-linux-gnu/5/../../../../lib/:/lib/x86_64-linux-gnu/:/lib/../lib/:/usr/lib/x86_64-linux-gnu/:/usr/lib/../lib/:/usr/lib/gcc/x86_64-linux-gnu/5/../../../:/lib/:/usr/lib/]
  ignore line: [COLLECT_GCC_OPTIONS='-v' '-o' 'cmTC_40ed3' '-rdynamic' '-mtune=generic' '-march=x86-64']
  link line: [ /usr/lib/gcc/x86_64-linux-gnu/5/collect2 -plugin /usr/lib/gcc/x86_64-linux-gnu/5/liblto_plugin.so -plugin-opt=/usr/lib/gcc/x86_64-linux-gnu/5/lto-wrapper -plugin-opt=-fresolution=/tmp/ccjA9kxn.res -plugin-opt=-pass-through=-lgcc -plugin-opt=-pass-through=-lgcc_s -plugin-opt=-pass-through=-lc -plugin-opt=-pass-through=-lgcc -plugin-opt=-pass-through=-lgcc_s --sysroot=/ --build-id --eh-frame-hdr -m elf_x86_64 --hash-style=gnu --as-needed -export-dynamic -dynamic-linker /lib64/ld-linux-x86-64.so.2 -z relro -o cmTC_40ed3 /usr/lib/gcc/x86_64-linux-gnu/5/../../../x86_64-linux-gnu/crt1.o /usr/lib/gcc/x86_64-linux-gnu/5/../../../x86_64-linux-gnu/crti.o /usr/lib/gcc/x86_64-linux-gnu/5/crtbegin.o -L/usr/lib/gcc/x86_64-linux-gnu/5 -L/usr/lib/gcc/x86_64-linux-gnu/5/../../../x86_64-linux-gnu -L/usr/lib/gcc/x86_64-linux-gnu/5/../../../../lib -L/lib/x86_64-linux-gnu -L/lib/../lib -L/usr/lib/x86_64-linux-gnu -L/usr/lib/../lib -L/usr/lib/gcc/x86_64-linux-gnu/5/../../.. CMakeFiles/cmTC_40ed3.dir/CMakeCCompilerABI.c.o -lgcc --as-needed -lgcc_s --no-as-needed -lc -lgcc --as-needed -lgcc_s --no-as-needed /usr/lib/gcc/x86_64-linux-gnu/5/crtend.o /usr/lib/gcc/x86_64-linux-gnu/5/../../../x86_64-linux-gnu/crtn.o]
    arg [/usr/lib/gcc/x86_64-linux-gnu/5/collect2] ==> ignore
    arg [-plugin] ==> ignore
    arg [/usr/lib/gcc/x86_64-linux-gnu/5/liblto_plugin.so] ==> ignore
    arg [-plugin-opt=/usr/lib/gcc/x86_64-linux-gnu/5/lto-wrapper] ==> ignore
    arg [-plugin-opt=-fresolution=/tmp/ccjA9kxn.res] ==> ignore
    arg [-plugin-opt=-pass-through=-lgcc] ==> ignore
    arg [-plugin-opt=-pass-through=-lgcc_s] ==> ignore
    arg [-plugin-opt=-pass-through=-lc] ==> ignore
    arg [-plugin-opt=-pass-through=-lgcc] ==> ignore
    arg [-plugin-opt=-pass-through=-lgcc_s] ==> ignore
    arg [--sysroot=/] ==> ignore
    arg [--build-id] ==> ignore
    arg [--eh-frame-hdr] ==> ignore
    arg [-m] ==> ignore
    arg [elf_x86_64] ==> ignore
    arg [--hash-style=gnu] ==> ignore
    arg [--as-needed] ==> ignore
    arg [-export-dynamic] ==> ignore
    arg [-dynamic-linker] ==> ignore
    arg [/lib64/ld-linux-x86-64.so.2] ==> ignore
    arg [-zrelro] ==> ignore
    arg [-o] ==> ignore
    arg [cmTC_40ed3] ==> ignore
    arg [/usr/lib/gcc/x86_64-linux-gnu/5/../../../x86_64-linux-gnu/crt1.o] ==> ignore
    arg [/usr/lib/gcc/x86_64-linux-gnu/5/../../../x86_64-linux-gnu/crti.o] ==> ignore
    arg [/usr/lib/gcc/x86_64-linux-gnu/5/crtbegin.o] ==> ignore
    arg [-L/usr/lib/gcc/x86_64-linux-gnu/5] ==> dir [/usr/lib/gcc/x86_64-linux-gnu/5]
    arg [-L/usr/lib/gcc/x86_64-linux-gnu/5/../../../x86_64-linux-gnu] ==> dir [/usr/lib/gcc/x86_64-linux-gnu/5/../../../x86_64-linux-gnu]
    arg [-L/usr/lib/gcc/x86_64-linux-gnu/5/../../../../lib] ==> dir [/usr/lib/gcc/x86_64-linux-gnu/5/../../../../lib]
    arg [-L/lib/x86_64-linux-gnu] ==> dir [/lib/x86_64-linux-gnu]
    arg [-L/lib/../lib] ==> dir [/lib/../lib]
    arg [-L/usr/lib/x86_64-linux-gnu] ==> dir [/usr/lib/x86_64-linux-gnu]
    arg [-L/usr/lib/../lib] ==> dir [/usr/lib/../lib]
    arg [-L/usr/lib/gcc/x86_64-linux-gnu/5/../../..] ==> dir [/usr/lib/gcc/x86_64-linux-gnu/5/../../..]
    arg [CMakeFiles/cmTC_40ed3.dir/CMakeCCompilerABI.c.o] ==> ignore
    arg [-lgcc] ==> lib [gcc]
    arg [--as-needed] ==> ignore
    arg [-lgcc_s] ==> lib [gcc_s]
    arg [--no-as-needed] ==> ignore
    arg [-lc] ==> lib [c]
    arg [-lgcc] ==> lib [gcc]
    arg [--as-needed] ==> ignore
    arg [-lgcc_s] ==> lib [gcc_s]
    arg [--no-as-needed] ==> ignore
    arg [/usr/lib/gcc/x86_64-linux-gnu/5/crtend.o] ==> ignore
    arg [/usr/lib/gcc/x86_64-linux-gnu/5/../../../x86_64-linux-gnu/crtn.o] ==> ignore
  remove lib [gcc]
  remove lib [gcc_s]
  remove lib [gcc]
  remove lib [gcc_s]
  collapse library dir [/usr/lib/gcc/x86_64-linux-gnu/5] ==> [/usr/lib/gcc/x86_64-linux-gnu/5]
  collapse library dir [/usr/lib/gcc/x86_64-linux-gnu/5/../../../x86_64-linux-gnu] ==> [/usr/lib/x86_64-linux-gnu]
  collapse library dir [/usr/lib/gcc/x86_64-linux-gnu/5/../../../../lib] ==> [/usr/lib]
  collapse library dir [/lib/x86_64-linux-gnu] ==> [/lib/x86_64-linux-gnu]
  collapse library dir [/lib/../lib] ==> [/lib]
  collapse library dir [/usr/lib/x86_64-linux-gnu] ==> [/usr/lib/x86_64-linux-gnu]
  collapse library dir [/usr/lib/../lib] ==> [/usr/lib]
  collapse library dir [/usr/lib/gcc/x86_64-linux-gnu/5/../../..] ==> [/usr/lib]
  implicit libs: [c]
  implicit dirs: [/usr/lib/gcc/x86_64-linux-gnu/5;/usr/lib/x86_64-linux-gnu;/usr/lib;/lib/x86_64-linux-gnu;/lib]
  implicit fwks: []




Detecting C [-std=c11] compiler features compiled with the following output:
Change Dir: /home/lpang/Documents/GitHub/LaserTurret/build/CMakeFiles/CMakeTmp

Run Build Command:"/usr/bin/make" "cmTC_8e5a0/fast"
/usr/bin/make -f CMakeFiles/cmTC_8e5a0.dir/build.make CMakeFiles/cmTC_8e5a0.dir/build
make[1]: Entering directory '/home/lpang/Documents/GitHub/LaserTurret/build/CMakeFiles/CMakeTmp'
Building C object CMakeFiles/cmTC_8e5a0.dir/feature_tests.c.o
/usr/bin/cc    -std=c11 -o CMakeFiles/cmTC_8e5a0.dir/feature_tests.c.o   -c /home/lpang/Documents/GitHub/LaserTurret/build/CMakeFiles/feature_tests.c
Linking C executable cmTC_8e5a0
/usr/bin/cmake -E cmake_link_script CMakeFiles/cmTC_8e5a0.dir/link.txt --verbose=1
/usr/bin/cc       CMakeFiles/cmTC_8e5a0.dir/feature_tests.c.o  -o cmTC_8e5a0 -rdynamic 
make[1]: Leaving directory '/home/lpang/Documents/GitHub/LaserTurret/build/CMakeFiles/CMakeTmp'


    Feature record: C_FEATURE:1c_function_prototypes
    Feature record: C_FEATURE:1c_restrict
    Feature record: C_FEATURE:1c_static_assert
    Feature record: C_FEATURE:1c_variadic_macros


Detecting C [-std=c99] compiler features compiled with the following output:
Change Dir: /home/lpang/Documents/GitHub/LaserTurret/build/CMakeFiles/CMakeTmp

Run Build Command:"/usr/bin/make" "cmTC_86286/fast"
/usr/bin/make -f CMakeFiles/cmTC_86286.dir/build.make CMakeFiles/cmTC_86286.dir/build
make[1]: Entering directory '/home/lpang/Documents/GitHub/LaserTurret/build/CMakeFiles/CMakeTmp'
Building C object CMakeFiles/cmTC_86286.dir/feature_tests.c.o
/usr/bin/cc    -std=c99 -o CMakeFiles/cmTC_86286.dir/feature_tests.c.o   -c /home/lpang/Documents/GitHub/LaserTurret/build/CMakeFiles/feature_tests.c
Linking C executable cmTC_86286
/usr/bin/cmake -E cmake_link_script CMakeFiles/cmTC_86286.dir/link.txt --verbose=1
/usr/bin/cc       CMakeFiles/cmTC_86286.dir/feature_tests.c.o  -o cmTC_86286 -rdynamic 
make[1]: Leaving directory '/home/lpang/Documents/GitHub/LaserTurret/build/CMakeFiles/CMakeTmp'


    Feature record: C_FEATURE:1c_function_prototypes
    Feature record: C_FEATURE:1c_restrict
    Feature record: C_FEATURE:0c_static_assert
    Feature record: C_FEATURE:1c_variadic_macros


Detecting C [-std=c90] compiler features compiled with the following output:
Change Dir: /home/lpang/Documents/GitHub/LaserTurret/build/CMakeFiles/CMakeTmp

Run Build Command:"/usr/bin/make" "cmTC_95002/fast"
/usr/bin/make -f CMakeFiles/cmTC_95002.dir/build.make CMakeFiles/cmTC_95002.dir/build
make[1]: Entering directory '/home/lpang/Documents/GitHub/LaserTurret/build/CMakeFiles/CMakeTmp'
Building C object CMakeFiles/cmTC_95002.dir/feature_tests.c.o
/usr/bin/cc    -std=c90 -o CMakeFiles/cmTC_95002.dir/feature_tests.c.o   -c /home/lpang/Documents/GitHub/LaserTurret/build/CMakeFiles/feature_tests.c
Linking C executable cmTC_95002
/usr/bin/cmake -E cmake_link_script CMakeFiles/cmTC_95002.dir/link.txt --verbose=1
/usr/bin/cc       CMakeFiles/cmTC_95002.dir/feature_tests.c.o  -o cmTC_95002 -rdynamic 
make[1]: Leaving directory '/home/lpang/Documents/GitHub/LaserTurret/build/CMakeFiles/CMakeTmp'


    Feature record: C_FEATURE:1c_function_prototypes
    Feature record: C_FEATURE:0c_restrict
    Feature record: C_FEATURE:0c_static_assert
    Feature record: C_FEATURE:0c_variadic_macros
Determining if the CXX compiler works passed with the following output:
Change Dir: /home/lpang/Documents/GitHub/LaserTurret/build/CMakeFiles/CMakeTmp

Run Build Command:"/usr/bin/make" "cmTC_587f5/fast"
/usr/bin/make -f CMakeFiles/cmTC_587f5.dir/build.make CMakeFiles/cmTC_587f5.dir/build
make[1]: Entering directory '/home/lpang/Documents/GitHub/LaserTurret/build/CMakeFiles/CMakeTmp'
Building CXX object CMakeFiles/cmTC_587f5.dir/testCXXCompiler.cxx.o
/usr/bin/c++      -o CMakeFiles/cmTC_587f5.dir/testCXXCompiler.cxx.o -c /home/lpang/Documents/GitHub/LaserTurret/build/CMakeFiles/CMakeTmp/testCXXCompiler.cxx
Linking CXX executable cmTC_587f5
/usr/bin/cmake -E cmake_link_script CMakeFiles/cmTC_587f5.dir/link.txt --verbose=1
/usr/bin/c++        CMakeFiles/cmTC_587f5.dir/testCXXCompiler.cxx.o  -o cmTC_587f5 -rdynamic 
make[1]: Leaving directory '/home/lpang/Documents/GitHub/LaserTurret/build/CMakeFiles/CMakeTmp'


Detecting CXX compiler ABI info compiled with the following output:
Change Dir: /home/lpang/Documents/GitHub/LaserTurret/build/CMakeFiles/CMakeTmp

Run Build Command:"/usr/bin/make" "cmTC_b830a/fast"
/usr/bin/make -f CMakeFiles/cmTC_b830a.dir/build.make CMakeFiles/cmTC_b830a.dir/build
make[1]: Entering directory '/home/lpang/Documents/GitHub/LaserTurret/build/CMakeFiles/CMakeTmp'
Building CXX object CMakeFiles/cmTC_b830a.dir/CMakeCXXCompilerABI.cpp.o
/usr/bin/c++      -o CMakeFiles/cmTC_b830a.dir/CMakeCXXCompilerABI.cpp.o -c /usr/share/cmake-3.5/Modules/CMakeCXXCompilerABI.cpp
Linking CXX executable cmTC_b830a
/usr/bin/cmake -E cmake_link_script CMakeFiles/cmTC_b830a.dir/link.txt --verbose=1
/usr/bin/c++       -v CMakeFiles/cmTC_b830a.dir/CMakeCXXCompilerABI.cpp.o  -o cmTC_b830a -rdynamic  
Using built-in specs.
COLLECT_GCC=/usr/bin/c++
COLLECT_LTO_WRAPPER=/usr/lib/gcc/x86_64-linux-gnu/5/lto-wrapper
Target: x86_64-linux-gnu
Configured with: ../src/configure -v --with-pkgversion='Ubuntu 5.4.0-6ubuntu1~16.04.5' --with-bugurl=file:///usr/share/doc/gcc-5/README.Bugs --enable-languages=c,ada,c++,java,go,d,fortran,objc,obj-c++ --prefix=/usr --program-suffix=-5 --enable-shared --enable-linker-build-id --libexecdir=/usr/lib --without-included-gettext --enable-threads=posix --libdir=/usr/lib --enable-nls --with-sysroot=/ --enable-clocale=gnu --enable-libstdcxx-debug --enable-libstdcxx-time=yes --with-default-libstdcxx-abi=new --enable-gnu-unique-object --disable-vtable-verify --enable-libmpx --enable-plugin --with-system-zlib --disable-browser-plugin --enable-java-awt=gtk --enable-gtk-cairo --with-java-home=/usr/lib/jvm/java-1.5.0-gcj-5-amd64/jre --enable-java-home --with-jvm-root-dir=/usr/lib/jvm/java-1.5.0-gcj-5-amd64 --with-jvm-jar-dir=/usr/lib/jvm-exports/java-1.5.0-gcj-5-amd64 --with-arch-directory=amd64 --with-ecj-jar=/usr/share/java/eclipse-ecj.jar --enable-objc-gc --enable-multiarch --disable-werror --with-arch-32=i686 --with-abi=m64 --with-multilib-list=m32,m64,mx32 --enable-multilib --with-tune=generic --enable-checking=release --build=x86_64-linux-gnu --host=x86_64-linux-gnu --target=x86_64-linux-gnu
Thread model: posix
gcc version 5.4.0 20160609 (Ubuntu 5.4.0-6ubuntu1~16.04.5) 
COMPILER_PATH=/usr/lib/gcc/x86_64-linux-gnu/5/:/usr/lib/gcc/x86_64-linux-gnu/5/:/usr/lib/gcc/x86_64-linux-gnu/:/usr/lib/gcc/x86_64-linux-gnu/5/:/usr/lib/gcc/x86_64-linux-gnu/
LIBRARY_PATH=/usr/lib/gcc/x86_64-linux-gnu/5/:/usr/lib/gcc/x86_64-linux-gnu/5/../../../x86_64-linux-gnu/:/usr/lib/gcc/x86_64-linux-gnu/5/../../../../lib/:/lib/x86_64-linux-gnu/:/lib/../lib/:/usr/lib/x86_64-linux-gnu/:/usr/lib/../lib/:/usr/lib/gcc/x86_64-linux-gnu/5/../../../:/lib/:/usr/lib/
COLLECT_GCC_OPTIONS='-v' '-o' 'cmTC_b830a' '-rdynamic' '-shared-libgcc' '-mtune=generic' '-march=x86-64'
 /usr/lib/gcc/x86_64-linux-gnu/5/collect2 -plugin /usr/lib/gcc/x86_64-linux-gnu/5/liblto_plugin.so -plugin-opt=/usr/lib/gcc/x86_64-linux-gnu/5/lto-wrapper -plugin-opt=-fresolution=/tmp/ccPWLUCH.res -plugin-opt=-pass-through=-lgcc_s -plugin-opt=-pass-through=-lgcc -plugin-opt=-pass-through=-lc -plugin-opt=-pass-through=-lgcc_s -plugin-opt=-pass-through=-lgcc --sysroot=/ --build-id --eh-frame-hdr -m elf_x86_64 --hash-style=gnu --as-needed -export-dynamic -dynamic-linker /lib64/ld-linux-x86-64.so.2 -z relro -o cmTC_b830a /usr/lib/gcc/x86_64-linux-gnu/5/../../../x86_64-linux-gnu/crt1.o /usr/lib/gcc/x86_64-linux-gnu/5/../../../x86_64-linux-gnu/crti.o /usr/lib/gcc/x86_64-linux-gnu/5/crtbegin.o -L/usr/lib/gcc/x86_64-linux-gnu/5 -L/usr/lib/gcc/x86_64-linux-gnu/5/../../../x86_64-linux-gnu -L/usr/lib/gcc/x86_64-linux-gnu/5/../../../../lib -L/lib/x86_64-linux-gnu -L/lib/../lib -L/usr/lib/x86_64-linux-gnu -L/usr/lib/../lib -L/usr/lib/gcc/x86_64-linux-gnu/5/../../.. CMakeFiles/cmTC_b830a.dir/CMakeCXXCompilerABI.cpp.o -lstdc++ -lm -lgcc_s -lgcc -lc -lgcc_s -lgcc /usr/lib/gcc/x86_64-linux-gnu/5/crtend.o /usr/lib/gcc/x86_64-linux-gnu/5/../../../x86_64-linux-gnu/crtn.o
make[1]: Leaving directory '/home/lpang/Documents/GitHub/LaserTurret/build/CMakeFiles/CMakeTmp'


Parsed CXX implicit link information from above output:
  link line regex: [^( *|.*[/\])(ld|([^/\]+-)?ld|collect2)[^/\]*( |$)]
  ignore line: [Change Dir: /home/lpang/Documents/GitHub/LaserTurret/build/CMakeFiles/CMakeTmp]
  ignore line: []
  ignore line: [Run Build Command:"/usr/bin/make" "cmTC_b830a/fast"]
  ignore line: [/usr/bin/make -f CMakeFiles/cmTC_b830a.dir/build.make CMakeFiles/cmTC_b830a.dir/build]
  ignore line: [make[1]: Entering directory '/home/lpang/Documents/GitHub/LaserTurret/build/CMakeFiles/CMakeTmp']
  ignore line: [Building CXX object CMakeFiles/cmTC_b830a.dir/CMakeCXXCompilerABI.cpp.o]
  ignore line: [/usr/bin/c++      -o CMakeFiles/cmTC_b830a.dir/CMakeCXXCompilerABI.cpp.o -c /usr/share/cmake-3.5/Modules/CMakeCXXCompilerABI.cpp]
  ignore line: [Linking CXX executable cmTC_b830a]
  ignore line: [/usr/bin/cmake -E cmake_link_script CMakeFiles/cmTC_b830a.dir/link.txt --verbose=1]
  ignore line: [/usr/bin/c++       -v CMakeFiles/cmTC_b830a.dir/CMakeCXXCompilerABI.cpp.o  -o cmTC_b830a -rdynamic  ]
  ignore line: [Using built-in specs.]
  ignore line: [COLLECT_GCC=/usr/bin/c++]
  ignore line: [COLLECT_LTO_WRAPPER=/usr/lib/gcc/x86_64-linux-gnu/5/lto-wrapper]
  ignore line: [Target: x86_64-linux-gnu]
  ignore line: [Configured with: ../src/configure -v --with-pkgversion='Ubuntu 5.4.0-6ubuntu1~16.04.5' --with-bugurl=file:///usr/share/doc/gcc-5/README.Bugs --enable-languages=c,ada,c++,java,go,d,fortran,objc,obj-c++ --prefix=/usr --program-suffix=-5 --enable-shared --enable-linker-build-id --libexecdir=/usr/lib --without-included-gettext --enable-threads=posix --libdir=/usr/lib --enable-nls --with-sysroot=/ --enable-clocale=gnu --enable-libstdcxx-debug --enable-libstdcxx-time=yes --with-default-libstdcxx-abi=new --enable-gnu-unique-object --disable-vtable-verify --enable-libmpx --enable-plugin --with-system-zlib --disable-browser-plugin --enable-java-awt=gtk --enable-gtk-cairo --with-java-home=/usr/lib/jvm/java-1.5.0-gcj-5-amd64/jre --enable-java-home --with-jvm-root-dir=/usr/lib/jvm/java-1.5.0-gcj-5-amd64 --with-jvm-jar-dir=/usr/lib/jvm-exports/java-1.5.0-gcj-5-amd64 --with-arch-directory=amd64 --with-ecj-jar=/usr/share/java/eclipse-ecj.jar --enable-objc-gc --enable-multiarch --disable-werror --with-arch-32=i686 --with-abi=m64 --with-multilib-list=m32,m64,mx32 --enable-multilib --with-tune=generic --enable-checking=release --build=x86_64-linux-gnu --host=x86_64-linux-gnu --target=x86_64-linux-gnu]
  ignore line: [Thread model: posix]
  ignore line: [gcc version 5.4.0 20160609 (Ubuntu 5.4.0-6ubuntu1~16.04.5) ]
  ignore line: [COMPILER_PATH=/usr/lib/gcc/x86_64-linux-gnu/5/:/usr/lib/gcc/x86_64-linux-gnu/5/:/usr/lib/gcc/x86_64-linux-gnu/:/usr/lib/gcc/x86_64-linux-gnu/5/:/usr/lib/gcc/x86_64-linux-gnu/]
  ignore line: [LIBRARY_PATH=/usr/lib/gcc/x86_64-linux-gnu/5/:/usr/lib/gcc/x86_64-linux-gnu/5/../../../x86_64-linux-gnu/:/usr/lib/gcc/x86_64-linux-gnu/5/../../../../lib/:/lib/x86_64-linux-gnu/:/lib/../lib/:/usr/lib/x86_64-linux-gnu/:/usr/lib/../lib/:/usr/lib/gcc/x86_64-linux-gnu/5/../../../:/lib/:/usr/lib/]
  ignore line: [COLLECT_GCC_OPTIONS='-v' '-o' 'cmTC_b830a' '-rdynamic' '-shared-libgcc' '-mtune=generic' '-march=x86-64']
  link line: [ /usr/lib/gcc/x86_64-linux-gnu/5/collect2 -plugin /usr/lib/gcc/x86_64-linux-gnu/5/liblto_plugin.so -plugin-opt=/usr/lib/gcc/x86_64-linux-gnu/5/lto-wrapper -plugin-opt=-fresolution=/tmp/ccPWLUCH.res -plugin-opt=-pass-through=-lgcc_s -plugin-opt=-pass-through=-lgcc -plugin-opt=-pass-through=-lc -plugin-opt=-pass-through=-lgcc_s -plugin-opt=-pass-through=-lgcc --sysroot=/ --build-id --eh-frame-hdr -m elf_x86_64 --hash-style=gnu --as-needed -export-dynamic -dynamic-linker /lib64/ld-linux-x86-64.so.2 -z relro -o cmTC_b830a /usr/lib/gcc/x86_64-linux-gnu/5/../../../x86_64-linux-gnu/crt1.o /usr/lib/gcc/x86_64-linux-gnu/5/../../../x86_64-linux-gnu/crti.o /usr/lib/gcc/x86_64-linux-gnu/5/crtbegin.o -L/usr/lib/gcc/x86_64-linux-gnu/5 -L/usr/lib/gcc/x86_64-linux-gnu/5/../../../x86_64-linux-gnu -L/usr/lib/gcc/x86_64-linux-gnu/5/../../../../lib -L/lib/x86_64-linux-gnu -L/lib/../lib -L/usr/lib/x86_64-linux-gnu -L/usr/lib/../lib -L/usr/lib/gcc/x86_64-linux-gnu/5/../../.. CMakeFiles/cmTC_b830a.dir/CMakeCXXCompilerABI.cpp.o -lstdc++ -lm -lgcc_s -lgcc -lc -lgcc_s -lgcc /usr/lib/gcc/x86_64-linux-gnu/5/crtend.o /usr/lib/gcc/x86_64-linux-gnu/5/../../../x86_64-linux-gnu/crtn.o]
    arg [/usr/lib/gcc/x86_64-linux-gnu/5/collect2] ==> ignore
    arg [-plugin] ==> ignore
    arg [/usr/lib/gcc/x86_64-linux-gnu/5/liblto_plugin.so] ==> ignore
    arg [-plugin-opt=/usr/lib/gcc/x86_64-linux-gnu/5/lto-wrapper] ==> ignore
    arg [-plugin-opt=-fresolution=/tmp/ccPWLUCH.res] ==> ignore
    arg [-plugin-opt=-pass-through=-lgcc_s] ==> ignore
    arg [-plugin-opt=-pass-through=-lgcc] ==> ignore
    arg [-plugin-opt=-pass-through=-lc] ==> ignore
    arg [-plugin-opt=-pass-through=-lgcc_s] ==> ignore
    arg [-plugin-opt=-pass-through=-lgcc] ==> ignore
    arg [--sysroot=/] ==> ignore
    arg [--build-id] ==> ignore
    arg [--eh-frame-hdr] ==> ignore
    arg [-m] ==> ignore
    arg [elf_x86_64] ==> ignore
    arg [--hash-style=gnu] ==> ignore
    arg [--as-needed] ==> ignore
    arg [-export-dynamic] ==> ignore
    arg [-dynamic-linker] ==> ignore
    arg [/lib64/ld-linux-x86-64.so.2] ==> ignore
    arg [-zrelro] ==> ignore
    arg [-o] ==> ignore
    arg [cmTC_b830a] ==> ignore
    arg [/usr/lib/gcc/x86_64-linux-gnu/5/../../../x86_64-linux-gnu/crt1.o] ==> ignore
    arg [/usr/lib/gcc/x86_64-linux-gnu/5/../../../x86_64-linux-gnu/crti.o] ==> ignore
    arg [/usr/lib/gcc/x86_64-linux-gnu/5/crtbegin.o] ==> ignore
    arg [-L/usr/lib/gcc/x86_64-linux-gnu/5] ==> dir [/usr/lib/gcc/x86_64-linux-gnu/5]
    arg [-L/usr/lib/gcc/x86_64-linux-gnu/5/../../../x86_64-linux-gnu] ==> dir [/usr/lib/gcc/x86_64-linux-gnu/5/../../../x86_64-linux-gnu]
    arg [-L/usr/lib/gcc/x86_64-linux-gnu/5/../../../../lib] ==> dir [/usr/lib/gcc/x86_64-linux-gnu/5/../../../../lib]
    arg [-L/lib/x86_64-linux-gnu] ==> dir [/lib/x86_64-linux-gnu]
    arg [-L/lib/../lib] ==> dir [/lib/../lib]
    arg [-L/usr/lib/x86_64-linux-gnu] ==> dir [/usr/lib/x86_64-linux-gnu]
    arg [-L/usr/lib/../lib] ==> dir [/usr/lib/../lib]
    arg [-L/usr/lib/gcc/x86_64-linux-gnu/5/../../..] ==> dir [/usr/lib/gcc/x86_64-linux-gnu/5/../../..]
    arg [CMakeFiles/cmTC_b830a.dir/CMakeCXXCompilerABI.cpp.o] ==> ignore
    arg [-lstdc++] ==> lib [stdc++]
    arg [-lm] ==> lib [m]
    arg [-lgcc_s] ==> lib [gcc_s]
    arg [-lgcc] ==> lib [gcc]
    arg [-lc] ==> lib [c]
    arg [-lgcc_s] ==> lib [gcc_s]
    arg [-lgcc] ==> lib [gcc]
    arg [/usr/lib/gcc/x86_64-linux-gnu/5/crtend.o] ==> ignore
    arg [/usr/lib/gcc/x86_64-linux-gnu/5/../../../x86_64-linux-gnu/crtn.o] ==> ignore
  remove lib [gcc_s]
  remove lib [gcc]
  remove lib [gcc_s]
  remove lib [gcc]
  collapse library dir [/usr/lib/gcc/x86_64-linux-gnu/5] ==> [/usr/lib/gcc/x86_64-linux-gnu/5]
  collapse library dir [/usr/lib/gcc/x86_64-linux-gnu/5/../../../x86_64-linux-gnu] ==> [/usr/lib/x86_64-linux-gnu]
  collapse library dir [/usr/lib/gcc/x86_64-linux-gnu/5/../../../../lib] ==> [/usr/lib]
  collapse library dir [/lib/x86_64-linux-gnu] ==> [/lib/x86_64-linux-gnu]
  collapse library dir [/lib/../lib] ==> [/lib]
  collapse library dir [/usr/lib/x86_64-linux-gnu] ==> [/usr/lib/x86_64-linux-gnu]
  collapse library dir [/usr/lib/../lib] ==> [/usr/lib]
  collapse library dir [/usr/lib/gcc/x86_64-linux-gnu/5/../../..] ==> [/usr/lib]
  implicit libs: [stdc++;m;c]
  implicit dirs: [/usr/lib/gcc/x86_64-linux-gnu/5;/usr/lib/x86_64-linux-gnu;/usr/lib;/lib/x86_64-linux-gnu;/lib]
  implicit fwks: []




Detecting CXX [-std=c++14] compiler features compiled with the following output:
Change Dir: /home/lpang/Documents/GitHub/LaserTurret/build/CMakeFiles/CMakeTmp

Run Build Command:"/usr/bin/make" "cmTC_41156/fast"
/usr/bin/make -f CMakeFiles/cmTC_41156.dir/build.make CMakeFiles/cmTC_41156.dir/build
make[1]: Entering directory '/home/lpang/Documents/GitHub/LaserTurret/build/CMakeFiles/CMakeTmp'
Building CXX object CMakeFiles/cmTC_41156.dir/feature_tests.cxx.o
/usr/bin/c++     -std=c++14 -o CMakeFiles/cmTC_41156.dir/feature_tests.cxx.o -c /home/lpang/Documents/GitHub/LaserTurret/build/CMakeFiles/feature_tests.cxx
Linking CXX executable cmTC_41156
/usr/bin/cmake -E cmake_link_script CMakeFiles/cmTC_41156.dir/link.txt --verbose=1
/usr/bin/c++        CMakeFiles/cmTC_41156.dir/feature_tests.cxx.o  -o cmTC_41156 -rdynamic 
make[1]: Leaving directory '/home/lpang/Documents/GitHub/LaserTurret/build/CMakeFiles/CMakeTmp'


    Feature record: CXX_FEATURE:1cxx_aggregate_default_initializers
    Feature record: CXX_FEATURE:1cxx_alias_templates
    Feature record: CXX_FEATURE:1cxx_alignas
    Feature record: CXX_FEATURE:1cxx_alignof
    Feature record: CXX_FEATURE:1cxx_attributes
    Feature record: CXX_FEATURE:1cxx_attribute_deprecated
    Feature record: CXX_FEATURE:1cxx_auto_type
    Feature record: CXX_FEATURE:1cxx_binary_literals
    Feature record: CXX_FEATURE:1cxx_constexpr
    Feature record: CXX_FEATURE:1cxx_contextual_conversions
    Feature record: CXX_FEATURE:1cxx_decltype
    Feature record: CXX_FEATURE:1cxx_decltype_auto
    Feature record: CXX_FEATURE:1cxx_decltype_incomplete_return_types
    Feature record: CXX_FEATURE:1cxx_default_function_template_args
    Feature record: CXX_FEATURE:1cxx_defaulted_functions
    Feature record: CXX_FEATURE:1cxx_defaulted_move_initializers
    Feature record: CXX_FEATURE:1cxx_delegating_constructors
    Feature record: CXX_FEATURE:1cxx_deleted_functions
    Feature record: CXX_FEATURE:1cxx_digit_separators
    Feature record: CXX_FEATURE:1cxx_enum_forward_declarations
    Feature record: CXX_FEATURE:1cxx_explicit_conversions
    Feature record: CXX_FEATURE:1cxx_extended_friend_declarations
    Feature record: CXX_FEATURE:1cxx_extern_templates
    Feature record: CXX_FEATURE:1cxx_final
    Feature record: CXX_FEATURE:1cxx_func_identifier
    Feature record: CXX_FEATURE:1cxx_generalized_initializers
    Feature record: CXX_FEATURE:1cxx_generic_lambdas
    Feature record: CXX_FEATURE:1cxx_inheriting_constructors
    Feature record: CXX_FEATURE:1cxx_inline_namespaces
    Feature record: CXX_FEATURE:1cxx_lambdas
    Feature record: CXX_FEATURE:1cxx_lambda_init_captures
    Feature record: CXX_FEATURE:1cxx_local_type_template_args
    Feature record: CXX_FEATURE:1cxx_long_long_type
    Feature record: CXX_FEATURE:1cxx_noexcept
    Feature record: CXX_FEATURE:1cxx_nonstatic_member_init
    Feature record: CXX_FEATURE:1cxx_nullptr
    Feature record: CXX_FEATURE:1cxx_override
    Feature record: CXX_FEATURE:1cxx_range_for
    Feature record: CXX_FEATURE:1cxx_raw_string_literals
    Feature record: CXX_FEATURE:1cxx_reference_qualified_functions
    Feature record: CXX_FEATURE:1cxx_relaxed_constexpr
    Feature record: CXX_FEATURE:1cxx_return_type_deduction
    Feature record: CXX_FEATURE:1cxx_right_angle_brackets
    Feature record: CXX_FEATURE:1cxx_rvalue_references
    Feature record: CXX_FEATURE:1cxx_sizeof_member
    Feature record: CXX_FEATURE:1cxx_static_assert
    Feature record: CXX_FEATURE:1cxx_strong_enums
    Feature record: CXX_FEATURE:1cxx_template_template_parameters
    Feature record: CXX_FEATURE:1cxx_thread_local
    Feature record: CXX_FEATURE:1cxx_trailing_return_types
    Feature record: CXX_FEATURE:1cxx_unicode_literals
    Feature record: CXX_FEATURE:1cxx_uniform_initialization
    Feature record: CXX_FEATURE:1cxx_unrestricted_unions
    Feature record: CXX_FEATURE:1cxx_user_literals
    Feature record: CXX_FEATURE:1cxx_variable_templates
    Feature record: CXX_FEATURE:1cxx_variadic_macros
    Feature record: CXX_FEATURE:1cxx_variadic_templates


Detecting CXX [-std=c++11] compiler features compiled with the following output:
Change Dir: /home/lpang/Documents/GitHub/LaserTurret/build/CMakeFiles/CMakeTmp

Run Build Command:"/usr/bin/make" "cmTC_60a06/fast"
/usr/bin/make -f CMakeFiles/cmTC_60a06.dir/build.make CMakeFiles/cmTC_60a06.dir/build
make[1]: Entering directory '/home/lpang/Documents/GitHub/LaserTurret/build/CMakeFiles/CMakeTmp'
Building CXX object CMakeFiles/cmTC_60a06.dir/feature_tests.cxx.o
/usr/bin/c++     -std=c++11 -o CMakeFiles/cmTC_60a06.dir/feature_tests.cxx.o -c /home/lpang/Documents/GitHub/LaserTurret/build/CMakeFiles/feature_tests.cxx
Linking CXX executable cmTC_60a06
/usr/bin/cmake -E cmake_link_script CMakeFiles/cmTC_60a06.dir/link.txt --verbose=1
/usr/bin/c++        CMakeFiles/cmTC_60a06.dir/feature_tests.cxx.o  -o cmTC_60a06 -rdynamic 
make[1]: Leaving directory '/home/lpang/Documents/GitHub/LaserTurret/build/CMakeFiles/CMakeTmp'


    Feature record: CXX_FEATURE:0cxx_aggregate_default_initializers
    Feature record: CXX_FEATURE:1cxx_alias_templates
    Feature record: CXX_FEATURE:1cxx_alignas
    Feature record: CXX_FEATURE:1cxx_alignof
    Feature record: CXX_FEATURE:1cxx_attributes
    Feature record: CXX_FEATURE:0cxx_attribute_deprecated
    Feature record: CXX_FEATURE:1cxx_auto_type
    Feature record: CXX_FEATURE:0cxx_binary_literals
    Feature record: CXX_FEATURE:1cxx_constexpr
    Feature record: CXX_FEATURE:0cxx_contextual_conversions
    Feature record: CXX_FEATURE:1cxx_decltype
    Feature record: CXX_FEATURE:0cxx_decltype_auto
    Feature record: CXX_FEATURE:1cxx_decltype_incomplete_return_types
    Feature record: CXX_FEATURE:1cxx_default_function_template_args
    Feature record: CXX_FEATURE:1cxx_defaulted_functions
    Feature record: CXX_FEATURE:1cxx_defaulted_move_initializers
    Feature record: CXX_FEATURE:1cxx_delegating_constructors
    Feature record: CXX_FEATURE:1cxx_deleted_functions
    Feature record: CXX_FEATURE:0cxx_digit_separators
    Feature record: CXX_FEATURE:1cxx_enum_forward_declarations
    Feature record: CXX_FEATURE:1cxx_explicit_conversions
    Feature record: CXX_FEATURE:1cxx_extended_friend_declarations
    Feature record: CXX_FEATURE:1cxx_extern_templates
    Feature record: CXX_FEATURE:1cxx_final
    Feature record: CXX_FEATURE:1cxx_func_identifier
    Feature record: CXX_FEATURE:1cxx_generalized_initializers
    Feature record: CXX_FEATURE:0cxx_generic_lambdas
    Feature record: CXX_FEATURE:1cxx_inheriting_constructors
    Feature record: CXX_FEATURE:1cxx_inline_namespaces
    Feature record: CXX_FEATURE:1cxx_lambdas
    Feature record: CXX_FEATURE:0cxx_lambda_init_captures
    Feature record: CXX_FEATURE:1cxx_local_type_template_args
    Feature record: CXX_FEATURE:1cxx_long_long_type
    Feature record: CXX_FEATURE:1cxx_noexcept
    Feature record: CXX_FEATURE:1cxx_nonstatic_member_init
    Feature record: CXX_FEATURE:1cxx_nullptr
    Feature record: CXX_FEATURE:1cxx_override
    Feature record: CXX_FEATURE:1cxx_range_for
    Feature record: CXX_FEATURE:1cxx_raw_string_literals
    Feature record: CXX_FEATURE:1cxx_reference_qualified_functions
    Feature record: CXX_FEATURE:0cxx_relaxed_constexpr
    Feature record: CXX_FEATURE:0cxx_return_type_deduction
    Feature record: CXX_FEATURE:1cxx_right_angle_brackets
    Feature record: CXX_FEATURE:1cxx_rvalue_references
    Feature record: CXX_FEATURE:1cxx_sizeof_member
    Feature record: CXX_FEATURE:1cxx_static_assert
    Feature record: CXX_FEATURE:1cxx_strong_enums
    Feature record: CXX_FEATURE:1cxx_template_template_parameters
    Feature record: CXX_FEATURE:1cxx_thread_local
    Feature record: CXX_FEATURE:1cxx_trailing_return_types
    Feature record: CXX_FEATURE:1cxx_unicode_literals
    Feature record: CXX_FEATURE:1cxx_uniform_initialization
    Feature record: CXX_FEATURE:1cxx_unrestricted_unions
    Feature record: CXX_FEATURE:1cxx_user_literals
    Feature record: CXX_FEATURE:0cxx_variable_templates
    Feature record: CXX_FEATURE:1cxx_variadic_macros
    Feature record: CXX_FEATURE:1cxx_variadic_templates


Detecting CXX [-std=c++98] compiler features compiled with the following output:
Change Dir: /home/lpang/Documents/GitHub/LaserTurret/build/CMakeFiles/CMakeTmp

Run Build Command:"/usr/bin/make" "cmTC_695e4/fast"
/usr/bin/make -f CMakeFiles/cmTC_695e4.dir/build.make CMakeFiles/cmTC_695e4.dir/build
make[1]: Entering directory '/home/lpang/Documents/GitHub/LaserTurret/build/CMakeFiles/CMakeTmp'
Building CXX object CMakeFiles/cmTC_695e4.dir/feature_tests.cxx.o
/usr/bin/c++     -std=c++98 -o CMakeFiles/cmTC_695e4.dir/feature_tests.cxx.o -c /home/lpang/Documents/GitHub/LaserTurret/build/CMakeFiles/feature_tests.cxx
Linking CXX executable cmTC_695e4
/usr/bin/cmake -E cmake_link_script CMakeFiles/cmTC_695e4.dir/link.txt --verbose=1
/usr/bin/c++        CMakeFiles/cmTC_695e4.dir/feature_tests.cxx.o  -o cmTC_695e4 -rdynamic 
make[1]: Leaving directory '/home/lpang/Documents/GitHub/LaserTurret/build/CMakeFiles/CMakeTmp'


    Feature record: CXX_FEATURE:0cxx_aggregate_default_initializers
    Feature record: CXX_FEATURE:0cxx_alias_templates
    Feature record: CXX_FEATURE:0cxx_alignas
    Feature record: CXX_FEATURE:0cxx_alignof
    Feature record: CXX_FEATURE:0cxx_attributes
    Feature record: CXX_FEATURE:0cxx_attribute_deprecated
    Feature record: CXX_FEATURE:0cxx_auto_type
    Feature record: CXX_FEATURE:0cxx_binary_literals
    Feature record: CXX_FEATURE:0cxx_constexpr
    Feature record: CXX_FEATURE:0cxx_contextual_conversions
    Feature record: CXX_FEATURE:0cxx_decltype
    Feature record: CXX_FEATURE:0cxx_decltype_auto
    Feature record: CXX_FEATURE:0cxx_decltype_incomplete_return_types
    Feature record: CXX_FEATURE:0cxx_default_function_template_args
    Feature record: CXX_FEATURE:0cxx_defaulted_functions
    Feature record: CXX_FEATURE:0cxx_defaulted_move_initializers
    Feature record: CXX_FEATURE:0cxx_delegating_constructors
    Feature record: CXX_FEATURE:0cxx_deleted_functions
    Feature record: CXX_FEATURE:0cxx_digit_separators
    Feature record: CXX_FEATURE:0cxx_enum_forward_declarations
    Feature record: CXX_FEATURE:0cxx_explicit_conversions
    Feature record: CXX_FEATURE:0cxx_extended_friend_declarations
    Feature record: CXX_FEATURE:0cxx_extern_templates
    Feature record: CXX_FEATURE:0cxx_final
    Feature record: CXX_FEATURE:0cxx_func_identifier
    Feature record: CXX_FEATURE:0cxx_generalized_initializers
    Feature record: CXX_FEATURE:0cxx_generic_lambdas
    Feature record: CXX_FEATURE:0cxx_inheriting_constructors
    Feature record: CXX_FEATURE:0cxx_inline_namespaces
    Feature record: CXX_FEATURE:0cxx_lambdas
    Feature record: CXX_FEATURE:0cxx_lambda_init_captures
    Feature record: CXX_FEATURE:0cxx_local_type_template_args
    Feature record: CXX_FEATURE:0cxx_long_long_type
    Feature record: CXX_FEATURE:0cxx_noexcept
    Feature record: CXX_FEATURE:0cxx_nonstatic_member_init
    Feature record: CXX_FEATURE:0cxx_nullptr
    Feature record: CXX_FEATURE:0cxx_override
    Feature record: CXX_FEATURE:0cxx_range_for
    Feature record: CXX_FEATURE:0cxx_raw_string_literals
    Feature record: CXX_FEATURE:0cxx_reference_qualified_functions
    Feature record: CXX_FEATURE:0cxx_relaxed_constexpr
    Feature record: CXX_FEATURE:0cxx_return_type_deduction
    Feature record: CXX_FEATURE:0cxx_right_angle_brackets
    Feature record: CXX_FEATURE:0cxx_rvalue_references
    Feature record: CXX_FEATURE:0cxx_sizeof_member
    Feature record: CXX_FEATURE:0cxx_static_assert
    Feature record: CXX_FEATURE:0cxx_strong_enums
    Feature record: CXX_FEATURE:1cxx_template_template_parameters
    Feature record: CXX_FEATURE:0cxx_thread_local
    Feature record: CXX_FEATURE:0cxx_trailing_return_types
    Feature record: CXX_FEATURE:0cxx_unicode_literals
    Feature record: CXX_FEATURE:0cxx_uniform_initialization
    Feature record: CXX_FEATURE:0cxx_unrestricted_unions
    Feature record: CXX_FEATURE:0cxx_user_literals
    Feature record: CXX_FEATURE:0cxx_variable_templates
    Feature record: CXX_FEATURE:0cxx_variadic_macros
    Feature record: CXX_FEATURE:0cxx_variadic_templates
Determining if the include file pthread.h exists passed with the following output:
Change Dir: /home/lpang/Documents/GitHub/LaserTurret/build/CMakeFiles/CMakeTmp

Run Build Command:"/usr/bin/make" "cmTC_0dc67/fast"
/usr/bin/make -f CMakeFiles/cmTC_0dc67.dir/build.make CMakeFiles/cmTC_0dc67.dir/build
make[1]: Entering directory '/home/lpang/Documents/GitHub/LaserTurret/build/CMakeFiles/CMakeTmp'
Building C object CMakeFiles/cmTC_0dc67.dir/CheckIncludeFile.c.o
/usr/bin/cc     -o CMakeFiles/cmTC_0dc67.dir/CheckIncludeFile.c.o   -c /home/lpang/Documents/GitHub/LaserTurret/build/CMakeFiles/CMakeTmp/CheckIncludeFile.c
Linking C executable cmTC_0dc67
/usr/bin/cmake -E cmake_link_script CMakeFiles/cmTC_0dc67.dir/link.txt --verbose=1
/usr/bin/cc       CMakeFiles/cmTC_0dc67.dir/CheckIncludeFile.c.o  -o cmTC_0dc67 -rdynamic 
make[1]: Leaving directory '/home/lpang/Documents/GitHub/LaserTurret/build/CMakeFiles/CMakeTmp'


Determining if the function pthread_create exists in the pthread passed with the following output:
Change Dir: /home/lpang/Documents/GitHub/LaserTurret/build/CMakeFiles/CMakeTmp

Run Build Command:"/usr/bin/make" "cmTC_85b66/fast"
/usr/bin/make -f CMakeFiles/cmTC_85b66.dir/build.make CMakeFiles/cmTC_85b66.dir/build
make[1]: Entering directory '/home/lpang/Documents/GitHub/LaserTurret/build/CMakeFiles/CMakeTmp'
Building C object CMakeFiles/cmTC_85b66.dir/CheckFunctionExists.c.o
/usr/bin/cc    -DCHECK_FUNCTION_EXISTS=pthread_create   -o CMakeFiles/cmTC_85b66.dir/CheckFunctionExists.c.o   -c /usr/share/cmake-3.5/Modules/CheckFunctionExists.c
Linking C executable cmTC_85b66
/usr/bin/cmake -E cmake_link_script CMakeFiles/cmTC_85b66.dir/link.txt --verbose=1
/usr/bin/cc   -DCHECK_FUNCTION_EXISTS=pthread_create    CMakeFiles/cmTC_85b66.dir/CheckFunctionExists.c.o  -o cmTC_85b66 -rdynamic -lpthread 
make[1]: Leaving directory '/home/lpang/Documents/GitHub/LaserTurret/build/CMakeFiles/CMakeTmp'


Determining if the function XOpenDisplay exists in the /usr/lib/x86_64-linux-gnu/libX11.so passed with the following output:
Change Dir: /home/lpang/Documents/GitHub/LaserTurret/build/CMakeFiles/CMakeTmp

Run Build Command:"/usr/bin/make" "cmTC_e8b31/fast"
/usr/bin/make -f CMakeFiles/cmTC_e8b31.dir/build.make CMakeFiles/cmTC_e8b31.dir/build
make[1]: Entering directory '/home/lpang/Documents/GitHub/LaserTurret/build/CMakeFiles/CMakeTmp'
Building C object CMakeFiles/cmTC_e8b31.dir/CheckFunctionExists.c.o
/usr/bin/cc    -DCHECK_FUNCTION_EXISTS=XOpenDisplay   -o CMakeFiles/cmTC_e8b31.dir/CheckFunctionExists.c.o   -c /usr/share/cmake-3.5/Modules/CheckFunctionExists.c
Linking C executable cmTC_e8b31
/usr/bin/cmake -E cmake_link_script CMakeFiles/cmTC_e8b31.dir/link.txt --verbose=1
/usr/bin/cc   -DCHECK_FUNCTION_EXISTS=XOpenDisplay    CMakeFiles/cmTC_e8b31.dir/CheckFunctionExists.c.o  -o cmTC_e8b31 -rdynamic /usr/lib/x86_64-linux-gnu/libX11.so 
make[1]: Leaving directory '/home/lpang/Documents/GitHub/LaserTurret/build/CMakeFiles/CMakeTmp'


Determining if the function gethostbyname exists passed with the following output:
Change Dir: /home/lpang/Documents/GitHub/LaserTurret/build/CMakeFiles/CMakeTmp

Run Build Command:"/usr/bin/make" "cmTC_9ab4f/fast"
/usr/bin/make -f CMakeFiles/cmTC_9ab4f.dir/build.make CMakeFiles/cmTC_9ab4f.dir/build
make[1]: Entering directory '/home/lpang/Documents/GitHub/LaserTurret/build/CMakeFiles/CMakeTmp'
Building C object CMakeFiles/cmTC_9ab4f.dir/CheckFunctionExists.c.o
/usr/bin/cc    -DCHECK_FUNCTION_EXISTS=gethostbyname   -o CMakeFiles/cmTC_9ab4f.dir/CheckFunctionExists.c.o   -c /usr/share/cmake-3.5/Modules/CheckFunctionExists.c
Linking C executable cmTC_9ab4f
/usr/bin/cmake -E cmake_link_script CMakeFiles/cmTC_9ab4f.dir/link.txt --verbose=1
/usr/bin/cc   -DCHECK_FUNCTION_EXISTS=gethostbyname    CMakeFiles/cmTC_9ab4f.dir/CheckFunctionExists.c.o  -o cmTC_9ab4f -rdynamic 
make[1]: Leaving directory '/home/lpang/Documents/GitHub/LaserTurret/build/CMakeFiles/CMakeTmp'


Determining if the function connect exists passed with the following output:
Change Dir: /home/lpang/Documents/GitHub/LaserTurret/build/CMakeFiles/CMakeTmp

Run Build Command:"/usr/bin/make" "cmTC_da3d3/fast"
/usr/bin/make -f CMakeFiles/cmTC_da3d3.dir/build.make CMakeFiles/cmTC_da3d3.dir/build
make[1]: Entering directory '/home/lpang/Documents/GitHub/LaserTurret/build/CMakeFiles/CMakeTmp'
Building C object CMakeFiles/cmTC_da3d3.dir/CheckFunctionExists.c.o
/usr/bin/cc    -DCHECK_FUNCTION_EXISTS=connect   -o CMakeFiles/cmTC_da3d3.dir/CheckFunctionExists.c.o   -c /usr/share/cmake-3.5/Modules/CheckFunctionExists.c
Linking C executable cmTC_da3d3
/usr/bin/cmake -E cmake_link_script CMakeFiles/cmTC_da3d3.dir/link.txt --verbose=1
/usr/bin/cc   -DCHECK_FUNCTION_EXISTS=connect    CMakeFiles/cmTC_da3d3.dir/CheckFunctionExists.c.o  -o cmTC_da3d3 -rdynamic 
make[1]: Leaving directory '/home/lpang/Documents/GitHub/LaserTurret/build/CMakeFiles/CMakeTmp'


Determining if the function remove exists passed with the following output:
Change Dir: /home/lpang/Documents/GitHub/LaserTurret/build/CMakeFiles/CMakeTmp

Run Build Command:"/usr/bin/make" "cmTC_9503e/fast"
/usr/bin/make -f CMakeFiles/cmTC_9503e.dir/build.make CMakeFiles/cmTC_9503e.dir/build
make[1]: Entering directory '/home/lpang/Documents/GitHub/LaserTurret/build/CMakeFiles/CMakeTmp'
Building C object CMakeFiles/cmTC_9503e.dir/CheckFunctionExists.c.o
/usr/bin/cc    -DCHECK_FUNCTION_EXISTS=remove   -o CMakeFiles/cmTC_9503e.dir/CheckFunctionExists.c.o   -c /usr/share/cmake-3.5/Modules/CheckFunctionExists.c
Linking C executable cmTC_9503e
/usr/bin/cmake -E cmake_link_script CMakeFiles/cmTC_9503e.dir/link.txt --verbose=1
/usr/bin/cc   -DCHECK_FUNCTION_EXISTS=remove    CMakeFiles/cmTC_9503e.dir/CheckFunctionExists.c.o  -o cmTC_9503e -rdynamic 
make[1]: Leaving directory '/home/lpang/Documents/GitHub/LaserTurret/build/CMakeFiles/CMakeTmp'


Determining if the function shmat exists passed with the following output:
Change Dir: /home/lpang/Documents/GitHub/LaserTurret/build/CMakeFiles/CMakeTmp

Run Build Command:"/usr/bin/make" "cmTC_57afd/fast"
/usr/bin/make -f CMakeFiles/cmTC_57afd.dir/build.make CMakeFiles/cmTC_57afd.dir/build
make[1]: Entering directory '/home/lpang/Documents/GitHub/LaserTurret/build/CMakeFiles/CMakeTmp'
Building C object CMakeFiles/cmTC_57afd.dir/CheckFunctionExists.c.o
/usr/bin/cc    -DCHECK_FUNCTION_EXISTS=shmat   -o CMakeFiles/cmTC_57afd.dir/CheckFunctionExists.c.o   -c /usr/share/cmake-3.5/Modules/CheckFunctionExists.c
Linking C executable cmTC_57afd
/usr/bin/cmake -E cmake_link_script CMakeFiles/cmTC_57afd.dir/link.txt --verbose=1
/usr/bin/cc   -DCHECK_FUNCTION_EXISTS=shmat    CMakeFiles/cmTC_57afd.dir/CheckFunctionExists.c.o  -o cmTC_57afd -rdynamic 
make[1]: Leaving directory '/home/lpang/Documents/GitHub/LaserTurret/build/CMakeFiles/CMakeTmp'


Determining if the function png_create_read_struct exists passed with the following output:
Change Dir: /home/lpang/Documents/GitHub/LaserTurret/build/CMakeFiles/CMakeTmp

Run Build Command:"/usr/bin/make" "cmTC_94eb0/fast"
/usr/bin/make -f CMakeFiles/cmTC_94eb0.dir/build.make CMakeFiles/cmTC_94eb0.dir/build
make[1]: Entering directory '/home/lpang/Documents/GitHub/LaserTurret/build/CMakeFiles/CMakeTmp'
Building C object CMakeFiles/cmTC_94eb0.dir/CheckFunctionExists.c.o
/usr/bin/cc    -DCHECK_FUNCTION_EXISTS=png_create_read_struct   -o CMakeFiles/cmTC_94eb0.dir/CheckFunctionExists.c.o   -c /usr/share/cmake-3.5/Modules/CheckFunctionExists.c
Linking C executable cmTC_94eb0
/usr/bin/cmake -E cmake_link_script CMakeFiles/cmTC_94eb0.dir/link.txt --verbose=1
/usr/bin/cc   -DCHECK_FUNCTION_EXISTS=png_create_read_struct    CMakeFiles/cmTC_94eb0.dir/CheckFunctionExists.c.o  -o cmTC_94eb0 -rdynamic /usr/lib/x86_64-linux-gnu/libpng.so /usr/lib/x86_64-linux-gnu/libz.so 
make[1]: Leaving directory '/home/lpang/Documents/GitHub/LaserTurret/build/CMakeFiles/CMakeTmp'


Determining if the function jpeg_read_header exists passed with the following output:
Change Dir: /home/lpang/Documents/GitHub/LaserTurret/build/CMakeFiles/CMakeTmp

Run Build Command:"/usr/bin/make" "cmTC_75dfa/fast"
/usr/bin/make -f CMakeFiles/cmTC_75dfa.dir/build.make CMakeFiles/cmTC_75dfa.dir/build
make[1]: Entering directory '/home/lpang/Documents/GitHub/LaserTurret/build/CMakeFiles/CMakeTmp'
Building C object CMakeFiles/cmTC_75dfa.dir/CheckFunctionExists.c.o
/usr/bin/cc    -DCHECK_FUNCTION_EXISTS=jpeg_read_header   -o CMakeFiles/cmTC_75dfa.dir/CheckFunctionExists.c.o   -c /usr/share/cmake-3.5/Modules/CheckFunctionExists.c
Linking C executable cmTC_75dfa
/usr/bin/cmake -E cmake_link_script CMakeFiles/cmTC_75dfa.dir/link.txt --verbose=1
/usr/bin/cc   -DCHECK_FUNCTION_EXISTS=jpeg_read_header    CMakeFiles/cmTC_75dfa.dir/CheckFunctionExists.c.o  -o cmTC_75dfa -rdynamic /usr/lib/x86_64-linux-gnu/libjpeg.so 
make[1]: Leaving directory '/home/lpang/Documents/GitHub/LaserTurret/build/CMakeFiles/CMakeTmp'


Determining if the include file sys/types.h exists passed with the following output:
Change Dir: /home/lpang/Documents/GitHub/LaserTurret/build/CMakeFiles/CMakeTmp

Run Build Command:"/usr/bin/make" "cmTC_3a56a/fast"
/usr/bin/make -f CMakeFiles/cmTC_3a56a.dir/build.make CMakeFiles/cmTC_3a56a.dir/build
make[1]: Entering directory '/home/lpang/Documents/GitHub/LaserTurret/build/CMakeFiles/CMakeTmp'
Building C object CMakeFiles/cmTC_3a56a.dir/CheckIncludeFile.c.o
/usr/bin/cc     -o CMakeFiles/cmTC_3a56a.dir/CheckIncludeFile.c.o   -c /home/lpang/Documents/GitHub/LaserTurret/build/CMakeFiles/CMakeTmp/CheckIncludeFile.c
Linking C executable cmTC_3a56a
/usr/bin/cmake -E cmake_link_script CMakeFiles/cmTC_3a56a.dir/link.txt --verbose=1
/usr/bin/cc       CMakeFiles/cmTC_3a56a.dir/CheckIncludeFile.c.o  -o cmTC_3a56a -rdynamic 
make[1]: Leaving directory '/home/lpang/Documents/GitHub/LaserTurret/build/CMakeFiles/CMakeTmp'


Determining if the include file stdint.h exists passed with the following output:
Change Dir: /home/lpang/Documents/GitHub/LaserTurret/build/CMakeFiles/CMakeTmp

Run Build Command:"/usr/bin/make" "cmTC_25096/fast"
/usr/bin/make -f CMakeFiles/cmTC_25096.dir/build.make CMakeFiles/cmTC_25096.dir/build
make[1]: Entering directory '/home/lpang/Documents/GitHub/LaserTurret/build/CMakeFiles/CMakeTmp'
Building C object CMakeFiles/cmTC_25096.dir/CheckIncludeFile.c.o
/usr/bin/cc     -o CMakeFiles/cmTC_25096.dir/CheckIncludeFile.c.o   -c /home/lpang/Documents/GitHub/LaserTurret/build/CMakeFiles/CMakeTmp/CheckIncludeFile.c
Linking C executable cmTC_25096
/usr/bin/cmake -E cmake_link_script CMakeFiles/cmTC_25096.dir/link.txt --verbose=1
/usr/bin/cc       CMakeFiles/cmTC_25096.dir/CheckIncludeFile.c.o  -o cmTC_25096 -rdynamic 
make[1]: Leaving directory '/home/lpang/Documents/GitHub/LaserTurret/build/CMakeFiles/CMakeTmp'


Determining if the include file stddef.h exists passed with the following output:
Change Dir: /home/lpang/Documents/GitHub/LaserTurret/build/CMakeFiles/CMakeTmp

Run Build Command:"/usr/bin/make" "cmTC_e6ede/fast"
/usr/bin/make -f CMakeFiles/cmTC_e6ede.dir/build.make CMakeFiles/cmTC_e6ede.dir/build
make[1]: Entering directory '/home/lpang/Documents/GitHub/LaserTurret/build/CMakeFiles/CMakeTmp'
Building C object CMakeFiles/cmTC_e6ede.dir/CheckIncludeFile.c.o
/usr/bin/cc     -o CMakeFiles/cmTC_e6ede.dir/CheckIncludeFile.c.o   -c /home/lpang/Documents/GitHub/LaserTurret/build/CMakeFiles/CMakeTmp/CheckIncludeFile.c
Linking C executable cmTC_e6ede
/usr/bin/cmake -E cmake_link_script CMakeFiles/cmTC_e6ede.dir/link.txt --verbose=1
/usr/bin/cc       CMakeFiles/cmTC_e6ede.dir/CheckIncludeFile.c.o  -o cmTC_e6ede -rdynamic 
make[1]: Leaving directory '/home/lpang/Documents/GitHub/LaserTurret/build/CMakeFiles/CMakeTmp'


Determining size of void* passed with the following output:
Change Dir: /home/lpang/Documents/GitHub/LaserTurret/build/CMakeFiles/CMakeTmp

Run Build Command:"/usr/bin/make" "cmTC_0abc1/fast"
/usr/bin/make -f CMakeFiles/cmTC_0abc1.dir/build.make CMakeFiles/cmTC_0abc1.dir/build
make[1]: Entering directory '/home/lpang/Documents/GitHub/LaserTurret/build/CMakeFiles/CMakeTmp'
Building C object CMakeFiles/cmTC_0abc1.dir/SIZE_OF_VOID_PTR.c.o
/usr/bin/cc     -o CMakeFiles/cmTC_0abc1.dir/SIZE_OF_VOID_PTR.c.o   -c /home/lpang/Documents/GitHub/LaserTurret/build/CMakeFiles/CheckTypeSize/SIZE_OF_VOID_PTR.c
Linking C executable cmTC_0abc1
/usr/bin/cmake -E cmake_link_script CMakeFiles/cmTC_0abc1.dir/link.txt --verbose=1
/usr/bin/cc       CMakeFiles/cmTC_0abc1.dir/SIZE_OF_VOID_PTR.c.o  -o cmTC_0abc1 -rdynamic /usr/lib/x86_64-linux-gnu/libjpeg.so 
make[1]: Leaving directory '/home/lpang/Documents/GitHub/LaserTurret/build/CMakeFiles/CMakeTmp'


Determining if the function cblas_ddot exists passed with the following output:
Change Dir: /home/lpang/Documents/GitHub/LaserTurret/build/CMakeFiles/CMakeTmp

Run Build Command:"/usr/bin/make" "cmTC_15544/fast"
/usr/bin/make -f CMakeFiles/cmTC_15544.dir/build.make CMakeFiles/cmTC_15544.dir/build
make[1]: Entering directory '/home/lpang/Documents/GitHub/LaserTurret/build/CMakeFiles/CMakeTmp'
Building C object CMakeFiles/cmTC_15544.dir/CheckFunctionExists.c.o
/usr/bin/cc    -DCHECK_FUNCTION_EXISTS=cblas_ddot   -o CMakeFiles/cmTC_15544.dir/CheckFunctionExists.c.o   -c /usr/share/cmake-3.5/Modules/CheckFunctionExists.c
Linking C executable cmTC_15544
/usr/bin/cmake -E cmake_link_script CMakeFiles/cmTC_15544.dir/link.txt --verbose=1
/usr/bin/cc   -DCHECK_FUNCTION_EXISTS=cblas_ddot    CMakeFiles/cmTC_15544.dir/CheckFunctionExists.c.o  -o cmTC_15544 -rdynamic /usr/lib/libblas.so 
make[1]: Leaving directory '/home/lpang/Documents/GitHub/LaserTurret/build/CMakeFiles/CMakeTmp'


